# JRE version: Java(TM) SE Runtime Environment (8.0_112-b15) (build 1.8.0_112-b15)
# Java VM: Java HotSpot(TM) 64-Bit Server VM (25.112-b15 mixed mode linux-amd64 compressed oops)
Heap:
 PSYoungGen      total 331776K, used 16154K [0x00000000d7780000, 0x00000000ef900000, 0x0000000100000000)
  eden space 329728K, 4% used [0x00000000d7780000,0x00000000d85c48f0,0x00000000eb980000)
  from space 2048K, 75% used [0x00000000ef700000,0x00000000ef882050,0x00000000ef900000)
  to   space 10240K, 0% used [0x00000000ee500000,0x00000000ee500000,0x00000000eef00000)
 ParOldGen       total 44032K, used 19460K [0x0000000086600000, 0x0000000089100000, 0x00000000d7780000)
  object space 44032K, 44% used [0x0000000086600000,0x0000000087901088,0x0000000089100000)
 Metaspace       used 31330K, capacity 33098K, committed 33456K, reserved 1079296K
  class space    used 4171K, capacity 4497K, committed 4528K, reserved 1048576K
GC Heap History (10 events):
Event: 289.275 GC heap before
{Heap before GC invocations=11 (full 1):
 PSYoungGen      total 259072K, used 249344K [0x00000000d7780000, 0x00000000f1080000, 0x0000000100000000)
  eden space 249344K, 100% used [0x00000000d7780000,0x00000000e6b00000,0x00000000e6b00000)
  from space 9728K, 0% used [0x00000000e6b00000,0x00000000e6b00000,0x00000000e7480000)
  to   space 9728K, 0% used [0x00000000f0700000,0x00000000f0700000,0x00000000f1080000)
 ParOldGen       total 44032K, used 7832K [0x0000000086600000, 0x0000000089100000, 0x00000000d7780000)
  object space 44032K, 17% used [0x0000000086600000,0x0000000086da6140,0x0000000089100000)
 Metaspace       used 21131K, capacity 22010K, committed 22192K, reserved 1069056K
  class space    used 2954K, capacity 3189K, committed 3248K, reserved 1048576K
Event: 289.277 GC heap after
Heap after GC invocations=11 (full 1):
 PSYoungGen      total 403968K, used 544K [0x00000000d7780000, 0x00000000f0e00000, 0x0000000100000000)
  eden space 396800K, 0% used [0x00000000d7780000,0x00000000d7780000,0x00000000efb00000)
  from space 7168K, 7% used [0x00000000f0700000,0x00000000f0788000,0x00000000f0e00000)
  to   space 9728K, 0% used [0x00000000efb00000,0x00000000efb00000,0x00000000f0480000)
 ParOldGen       total 44032K, used 7840K [0x0000000086600000, 0x0000000089100000, 0x00000000d7780000)
  object space 44032K, 17% used [0x0000000086600000,0x0000000086da8140,0x0000000089100000)
 Metaspace       used 21131K, capacity 22010K, committed 22192K, reserved 1069056K
  class space    used 2954K, capacity 3189K, committed 3248K, reserved 1048576K
}
Event: 297.503 GC heap before
{Heap before GC invocations=12 (full 1):
 PSYoungGen      total 403968K, used 397344K [0x00000000d7780000, 0x00000000f0e00000, 0x0000000100000000)
  eden space 396800K, 100% used [0x00000000d7780000,0x00000000efb00000,0x00000000efb00000)
  from space 7168K, 7% used [0x00000000f0700000,0x00000000f0788000,0x00000000f0e00000)
  to   space 9728K, 0% used [0x00000000efb00000,0x00000000efb00000,0x00000000f0480000)
 ParOldGen       total 44032K, used 7840K [0x0000000086600000, 0x0000000089100000, 0x00000000d7780000)
  object space 44032K, 17% used [0x0000000086600000,0x0000000086da8140,0x0000000089100000)
 Metaspace       used 21637K, capacity 22476K, committed 22704K, reserved 1069056K
  class space    used 2970K, capacity 3202K, committed 3248K, reserved 1048576K
Event: 297.511 GC heap after
Heap after GC invocations=12 (full 1):
 PSYoungGen      total 380416K, used 1032K [0x00000000d7780000, 0x00000000f0780000, 0x0000000100000000)
  eden space 378880K, 0% used [0x00000000d7780000,0x00000000d7780000,0x00000000ee980000)
  from space 1536K, 67% used [0x00000000efb00000,0x00000000efc02020,0x00000000efc80000)
  to   space 9728K, 0% used [0x00000000efe00000,0x00000000efe00000,0x00000000f0780000)
 ParOldGen       total 44032K, used 8008K [0x0000000086600000, 0x0000000089100000, 0x00000000d7780000)
  object space 44032K, 18% used [0x0000000086600000,0x0000000086dd2150,0x0000000089100000)
 Metaspace       used 21637K, capacity 22476K, committed 22704K, reserved 1069056K
  class space    used 2970K, capacity 3202K, committed 3248K, reserved 1048576K
}
Event: 318.932 GC heap before
{Heap before GC invocations=13 (full 1):
 PSYoungGen      total 380416K, used 379912K [0x00000000d7780000, 0x00000000f0780000, 0x0000000100000000)
  eden space 378880K, 100% used [0x00000000d7780000,0x00000000ee980000,0x00000000ee980000)
  from space 1536K, 67% used [0x00000000efb00000,0x00000000efc02020,0x00000000efc80000)
  to   space 9728K, 0% used [0x00000000efe00000,0x00000000efe00000,0x00000000f0780000)
 ParOldGen       total 44032K, used 8008K [0x0000000086600000, 0x0000000089100000, 0x00000000d7780000)
  object space 44032K, 18% used [0x0000000086600000,0x0000000086dd2150,0x0000000089100000)
 Metaspace       used 24454K, capacity 25938K, committed 26160K, reserved 1071104K
  class space    used 3347K, capacity 3629K, committed 3632K, reserved 1048576K
Event: 318.947 GC heap after
Heap after GC invocations=13 (full 1):
 PSYoungGen      total 367616K, used 5908K [0x00000000d7780000, 0x00000000f0400000, 0x0000000100000000)
  eden space 361472K, 0% used [0x00000000d7780000,0x00000000d7780000,0x00000000ed880000)
  from space 6144K, 96% used [0x00000000efe00000,0x00000000f03c5030,0x00000000f0400000)
  to   space 10240K, 0% used [0x00000000ef000000,0x00000000ef000000,0x00000000efa00000)
 ParOldGen       total 44032K, used 8924K [0x0000000086600000, 0x0000000089100000, 0x00000000d7780000)
  object space 44032K, 20% used [0x0000000086600000,0x0000000086eb7280,0x0000000089100000)
 Metaspace       used 24454K, capacity 25938K, committed 26160K, reserved 1071104K
  class space    used 3347K, capacity 3629K, committed 3632K, reserved 1048576K
}
Event: 382.796 GC heap before
{Heap before GC invocations=14 (full 1):
 PSYoungGen      total 367616K, used 367380K [0x00000000d7780000, 0x00000000f0400000, 0x0000000100000000)
  eden space 361472K, 100% used [0x00000000d7780000,0x00000000ed880000,0x00000000ed880000)
  from space 6144K, 96% used [0x00000000efe00000,0x00000000f03c5030,0x00000000f0400000)
  to   space 10240K, 0% used [0x00000000ef000000,0x00000000ef000000,0x00000000efa00000)
 ParOldGen       total 44032K, used 8924K [0x0000000086600000, 0x0000000089100000, 0x00000000d7780000)
  object space 44032K, 20% used [0x0000000086600000,0x0000000086eb7280,0x0000000089100000)
 Metaspace       used 26378K, capacity 28080K, committed 28336K, reserved 1073152K
  class space    used 3572K, capacity 3890K, committed 4016K, reserved 1048576K
Event: 382.814 GC heap after
Heap after GC invocations=14 (full 1):
 PSYoungGen      total 352256K, used 6764K [0x00000000d7780000, 0x00000000efe80000, 0x0000000100000000)
  eden space 345088K, 0% used [0x00000000d7780000,0x00000000d7780000,0x00000000ec880000)
  from space 7168K, 94% used [0x00000000ef000000,0x00000000ef69b2f0,0x00000000ef700000)
  to   space 7680K, 0% used [0x00000000ef700000,0x00000000ef700000,0x00000000efe80000)
 ParOldGen       total 44032K, used 13523K [0x0000000086600000, 0x0000000089100000, 0x00000000d7780000)
  object space 44032K, 30% used [0x0000000086600000,0x0000000087334e88,0x0000000089100000)
 Metaspace       used 26378K, capacity 28080K, committed 28336K, reserved 1073152K
  class space    used 3572K, capacity 3890K, committed 4016K, reserved 1048576K
}
Event: 397.088 GC heap before
{Heap before GC invocations=15 (full 1):
 PSYoungGen      total 352256K, used 351852K [0x00000000d7780000, 0x00000000efe80000, 0x0000000100000000)
  eden space 345088K, 100% used [0x00000000d7780000,0x00000000ec880000,0x00000000ec880000)
  from space 7168K, 94% used [0x00000000ef000000,0x00000000ef69b2f0,0x00000000ef700000)
  to   space 7680K, 0% used [0x00000000ef700000,0x00000000ef700000,0x00000000efe80000)
 ParOldGen       total 44032K, used 13523K [0x0000000086600000, 0x0000000089100000, 0x00000000d7780000)
  object space 44032K, 30% used [0x0000000086600000,0x0000000087334e88,0x0000000089100000)
 Metaspace       used 31259K, capacity 33034K, committed 33200K, reserved 1077248K
  class space    used 4169K, capacity 4497K, committed 4528K, reserved 1048576K
Event: 397.099 GC heap after
Heap after GC invocations=15 (full 1):
 PSYoungGen      total 331776K, used 1544K [0x00000000d7780000, 0x00000000ef900000, 0x0000000100000000)
  eden space 329728K, 0% used [0x00000000d7780000,0x00000000d7780000,0x00000000eb980000)
  from space 2048K, 75% used [0x00000000ef700000,0x00000000ef882050,0x00000000ef900000)
  to   space 10240K, 0% used [0x00000000ee500000,0x00000000ee500000,0x00000000eef00000)
 ParOldGen       total 44032K, used 19460K [0x0000000086600000, 0x0000000089100000, 0x00000000d7780000)
  object space 44032K, 44% used [0x0000000086600000,0x0000000087901088,0x0000000089100000)
 Metaspace       used 31259K, capacity 33034K, committed 33200K, reserved 1077248K
  class space    used 4169K, capacity 4497K, committed 4528K, reserved 1048576K
}

