# JRE version: Java(TM) SE Runtime Environment (8.0_112-b15) (build 1.8.0_112-b15)
# Java VM: Java HotSpot(TM) 64-Bit Server VM (25.112-b15 mixed mode linux-amd64 compressed oops)
Heap:
 PSYoungGen      total 585728K, used 545763K [0x00000000d7780000, 0x0000000100000000, 0x0000000100000000)
  eden space 574464K, 93% used [0x00000000d7780000,0x00000000f817ed70,0x00000000fa880000)
  from space 11264K, 99% used [0x00000000fb780000,0x00000000fc27a020,0x00000000fc280000)
  to   space 15360K, 0% used [0x00000000fa880000,0x00000000fa880000,0x00000000fb780000)
 ParOldGen       total 69120K, used 24376K [0x0000000086600000, 0x000000008a980000, 0x00000000d7780000)
  object space 69120K, 35% used [0x0000000086600000,0x0000000087dce1d0,0x000000008a980000)
 Metaspace       used 38943K, capacity 40828K, committed 40880K, reserved 1085440K
  class space    used 4917K, capacity 5270K, committed 5296K, reserved 1048576K
GC Heap History (10 events):
Event: 15.108 GC heap before
{Heap before GC invocations=8 (full 1):
 PSYoungGen      total 256000K, used 6123K [0x00000000d7780000, 0x00000000f7180000, 0x0000000100000000)
  eden space 249856K, 0% used [0x00000000d7780000,0x00000000d7780000,0x00000000e6b80000)
  from space 6144K, 99% used [0x00000000e6b80000,0x00000000e717af30,0x00000000e7180000)
  to   space 9216K, 0% used [0x00000000f6880000,0x00000000f6880000,0x00000000f7180000)
 ParOldGen       total 83456K, used 5624K [0x0000000086600000, 0x000000008b780000, 0x00000000d7780000)
  object space 83456K, 6% used [0x0000000086600000,0x0000000086b7e230,0x000000008b780000)
 Metaspace       used 20533K, capacity 21260K, committed 21296K, reserved 1067008K
  class space    used 2872K, capacity 3094K, committed 3120K, reserved 1048576K
Event: 15.212 GC heap after
Heap after GC invocations=8 (full 1):
 PSYoungGen      total 256000K, used 0K [0x00000000d7780000, 0x00000000f7180000, 0x0000000100000000)
  eden space 249856K, 0% used [0x00000000d7780000,0x00000000d7780000,0x00000000e6b80000)
  from space 6144K, 0% used [0x00000000e6b80000,0x00000000e6b80000,0x00000000e7180000)
  to   space 9216K, 0% used [0x00000000f6880000,0x00000000f6880000,0x00000000f7180000)
 ParOldGen       total 53248K, used 10378K [0x0000000086600000, 0x0000000089a00000, 0x00000000d7780000)
  object space 53248K, 19% used [0x0000000086600000,0x0000000087022bf8,0x0000000089a00000)
 Metaspace       used 20533K, capacity 21260K, committed 21296K, reserved 1067008K
  class space    used 2872K, capacity 3094K, committed 3120K, reserved 1048576K
}
Event: 55.339 GC heap before
{Heap before GC invocations=9 (full 1):
 PSYoungGen      total 256000K, used 249856K [0x00000000d7780000, 0x00000000f7180000, 0x0000000100000000)
  eden space 249856K, 100% used [0x00000000d7780000,0x00000000e6b80000,0x00000000e6b80000)
  from space 6144K, 0% used [0x00000000e6b80000,0x00000000e6b80000,0x00000000e7180000)
  to   space 9216K, 0% used [0x00000000f6880000,0x00000000f6880000,0x00000000f7180000)
 ParOldGen       total 53248K, used 10378K [0x0000000086600000, 0x0000000089a00000, 0x00000000d7780000)
  object space 53248K, 19% used [0x0000000086600000,0x0000000087022bf8,0x0000000089a00000)
 Metaspace       used 21309K, capacity 22110K, committed 22448K, reserved 1069056K
  class space    used 2915K, capacity 3133K, committed 3248K, reserved 1048576K
Event: 55.341 GC heap after
Heap after GC invocations=9 (full 1):
 PSYoungGen      total 422400K, used 836K [0x00000000d7780000, 0x00000000f6980000, 0x0000000100000000)
  eden space 421376K, 0% used [0x00000000d7780000,0x00000000d7780000,0x00000000f1300000)
  from space 1024K, 81% used [0x00000000f6880000,0x00000000f6951010,0x00000000f6980000)
  to   space 9728K, 0% used [0x00000000f5680000,0x00000000f5680000,0x00000000f6000000)
 ParOldGen       total 53248K, used 10386K [0x0000000086600000, 0x0000000089a00000, 0x00000000d7780000)
  object space 53248K, 19% used [0x0000000086600000,0x0000000087024bf8,0x0000000089a00000)
 Metaspace       used 21309K, capacity 22110K, committed 22448K, reserved 1069056K
  class space    used 2915K, capacity 3133K, committed 3248K, reserved 1048576K
}
Event: 208.978 GC heap before
{Heap before GC invocations=10 (full 1):
 PSYoungGen      total 422400K, used 202292K [0x00000000d7780000, 0x00000000f6980000, 0x0000000100000000)
  eden space 421376K, 47% used [0x00000000d7780000,0x00000000e3c3c030,0x00000000f1300000)
  from space 1024K, 81% used [0x00000000f6880000,0x00000000f6951010,0x00000000f6980000)
  to   space 9728K, 0% used [0x00000000f5680000,0x00000000f5680000,0x00000000f6000000)
 ParOldGen       total 53248K, used 10386K [0x0000000086600000, 0x0000000089a00000, 0x00000000d7780000)
  object space 53248K, 19% used [0x0000000086600000,0x0000000087024bf8,0x0000000089a00000)
 Metaspace       used 33712K, capacity 35242K, committed 35496K, reserved 1079296K
  class space    used 4508K, capacity 4813K, committed 4912K, reserved 1048576K
Event: 208.993 GC heap after
Heap after GC invocations=10 (full 1):
 PSYoungGen      total 500224K, used 9706K [0x00000000d7780000, 0x00000000fc280000, 0x0000000100000000)
  eden space 490496K, 0% used [0x00000000d7780000,0x00000000d7780000,0x00000000f5680000)
  from space 9728K, 99% used [0x00000000f5680000,0x00000000f5ffa898,0x00000000f6000000)
  to   space 11264K, 0% used [0x00000000fb780000,0x00000000fb780000,0x00000000fc280000)
 ParOldGen       total 53248K, used 10967K [0x0000000086600000, 0x0000000089a00000, 0x00000000d7780000)
  object space 53248K, 20% used [0x0000000086600000,0x00000000870b5fe8,0x0000000089a00000)
 Metaspace       used 33712K, capacity 35242K, committed 35496K, reserved 1079296K
  class space    used 4508K, capacity 4813K, committed 4912K, reserved 1048576K
}
Event: 208.993 GC heap before
{Heap before GC invocations=11 (full 2):
 PSYoungGen      total 500224K, used 9706K [0x00000000d7780000, 0x00000000fc280000, 0x0000000100000000)
  eden space 490496K, 0% used [0x00000000d7780000,0x00000000d7780000,0x00000000f5680000)
  from space 9728K, 99% used [0x00000000f5680000,0x00000000f5ffa898,0x00000000f6000000)
  to   space 11264K, 0% used [0x00000000fb780000,0x00000000fb780000,0x00000000fc280000)
 ParOldGen       total 53248K, used 10967K [0x0000000086600000, 0x0000000089a00000, 0x00000000d7780000)
  object space 53248K, 20% used [0x0000000086600000,0x00000000870b5fe8,0x0000000089a00000)
 Metaspace       used 33712K, capacity 35242K, committed 35496K, reserved 1079296K
  class space    used 4508K, capacity 4813K, committed 4912K, reserved 1048576K
Event: 209.079 GC heap after
Heap after GC invocations=11 (full 2):
 PSYoungGen      total 500224K, used 0K [0x00000000d7780000, 0x00000000fc280000, 0x0000000100000000)
  eden space 490496K, 0% used [0x00000000d7780000,0x00000000d7780000,0x00000000f5680000)
  from space 9728K, 0% used [0x00000000f5680000,0x00000000f5680000,0x00000000f6000000)
  to   space 11264K, 0% used [0x00000000fb780000,0x00000000fb780000,0x00000000fc280000)
 ParOldGen       total 69120K, used 16908K [0x0000000086600000, 0x000000008a980000, 0x00000000d7780000)
  object space 69120K, 24% used [0x0000000086600000,0x00000000876830c8,0x000000008a980000)
 Metaspace       used 33712K, capacity 35242K, committed 35496K, reserved 1079296K
  class space    used 4508K, capacity 4813K, committed 4912K, reserved 1048576K
}
Event: 1067.511 GC heap before
{Heap before GC invocations=12 (full 2):
 PSYoungGen      total 500224K, used 490496K [0x00000000d7780000, 0x00000000fc280000, 0x0000000100000000)
  eden space 490496K, 100% used [0x00000000d7780000,0x00000000f5680000,0x00000000f5680000)
  from space 9728K, 0% used [0x00000000f5680000,0x00000000f5680000,0x00000000f6000000)
  to   space 11264K, 0% used [0x00000000fb780000,0x00000000fb780000,0x00000000fc280000)
 ParOldGen       total 69120K, used 16908K [0x0000000086600000, 0x000000008a980000, 0x00000000d7780000)
  object space 69120K, 24% used [0x0000000086600000,0x00000000876830c8,0x000000008a980000)
 Metaspace       used 36484K, capacity 38404K, committed 38704K, reserved 1083392K
  class space    used 4729K, capacity 5060K, committed 5168K, reserved 1048576K
Event: 1067.539 GC heap after
Heap after GC invocations=12 (full 2):
 PSYoungGen      total 585728K, used 11240K [0x00000000d7780000, 0x0000000100000000, 0x0000000100000000)
  eden space 574464K, 0% used [0x00000000d7780000,0x00000000d7780000,0x00000000fa880000)
  from space 11264K, 99% used [0x00000000fb780000,0x00000000fc27a020,0x00000000fc280000)
  to   space 15360K, 0% used [0x00000000fa880000,0x00000000fa880000,0x00000000fb780000)
 ParOldGen       total 69120K, used 24376K [0x0000000086600000, 0x000000008a980000, 0x00000000d7780000)
  object space 69120K, 35% used [0x0000000086600000,0x0000000087dce1d0,0x000000008a980000)
 Metaspace       used 36484K, capacity 38404K, committed 38704K, reserved 1083392K
  class space    used 4729K, capacity 5060K, committed 5168K, reserved 1048576K
}

