# JRE version: Java(TM) SE Runtime Environment (8.0_112-b15) (build 1.8.0_112-b15)
# Java VM: Java HotSpot(TM) 64-Bit Server VM (25.112-b15 mixed mode linux-amd64 compressed oops)
Heap:
 PSYoungGen      total 410112K, used 273996K [0x00000000d7780000, 0x00000000ffc80000, 0x0000000100000000)
  eden space 399360K, 68% used [0x00000000d7780000,0x00000000e8313128,0x00000000efd80000)
  from space 10752K, 0% used [0x00000000efd80000,0x00000000efd80000,0x00000000f0800000)
  to   space 10752K, 0% used [0x00000000ff200000,0x00000000ff200000,0x00000000ffc80000)
 ParOldGen       total 53760K, used 8009K [0x0000000086600000, 0x0000000089a80000, 0x00000000d7780000)
  object space 53760K, 14% used [0x0000000086600000,0x0000000086dd25f8,0x0000000089a80000)
 Metaspace       used 32678K, capacity 34640K, committed 34944K, reserved 1079296K
  class space    used 4300K, capacity 4680K, committed 4736K, reserved 1048576K
GC Heap History (10 events):
Event: 4.570 GC heap before
{Heap before GC invocations=8 (full 0):
 PSYoungGen      total 134144K, used 125604K [0x00000000d7780000, 0x00000000e7f80000, 0x0000000100000000)
  eden space 124928K, 100% used [0x00000000d7780000,0x00000000df180000,0x00000000df180000)
  from space 9216K, 7% used [0x00000000df180000,0x00000000df229010,0x00000000dfa80000)
  to   space 10240K, 0% used [0x00000000e7580000,0x00000000e7580000,0x00000000e7f80000)
 ParOldGen       total 83456K, used 10778K [0x0000000086600000, 0x000000008b780000, 0x00000000d7780000)
  object space 83456K, 12% used [0x0000000086600000,0x0000000087086b80,0x000000008b780000)
 Metaspace       used 18705K, capacity 19456K, committed 19584K, reserved 1067008K
  class space    used 2680K, capacity 2918K, committed 2944K, reserved 1048576K
Event: 4.572 GC heap after
Heap after GC invocations=8 (full 0):
 PSYoungGen      total 259584K, used 552K [0x00000000d7780000, 0x00000000e8080000, 0x0000000100000000)
  eden space 249344K, 0% used [0x00000000d7780000,0x00000000d7780000,0x00000000e6b00000)
  from space 10240K, 5% used [0x00000000e7580000,0x00000000e760a020,0x00000000e7f80000)
  to   space 10752K, 0% used [0x00000000e6b00000,0x00000000e6b00000,0x00000000e7580000)
 ParOldGen       total 83456K, used 11062K [0x0000000086600000, 0x000000008b780000, 0x00000000d7780000)
  object space 83456K, 13% used [0x0000000086600000,0x00000000870cdb90,0x000000008b780000)
 Metaspace       used 18705K, capacity 19456K, committed 19584K, reserved 1067008K
  class space    used 2680K, capacity 2918K, committed 2944K, reserved 1048576K
}
Event: 5.113 GC heap before
{Heap before GC invocations=9 (full 0):
 PSYoungGen      total 259584K, used 249896K [0x00000000d7780000, 0x00000000e8080000, 0x0000000100000000)
  eden space 249344K, 100% used [0x00000000d7780000,0x00000000e6b00000,0x00000000e6b00000)
  from space 10240K, 5% used [0x00000000e7580000,0x00000000e760a020,0x00000000e7f80000)
  to   space 10752K, 0% used [0x00000000e6b00000,0x00000000e6b00000,0x00000000e7580000)
 ParOldGen       total 83456K, used 11062K [0x0000000086600000, 0x000000008b780000, 0x00000000d7780000)
  object space 83456K, 13% used [0x0000000086600000,0x00000000870cdb90,0x000000008b780000)
 Metaspace       used 19240K, capacity 20042K, committed 20224K, reserved 1067008K
  class space    used 2767K, capacity 3007K, committed 3072K, reserved 1048576K
Event: 5.115 GC heap after
Heap after GC invocations=9 (full 0):
 PSYoungGen      total 260096K, used 1176K [0x00000000d7780000, 0x00000000f1280000, 0x0000000100000000)
  eden space 249344K, 0% used [0x00000000d7780000,0x00000000d7780000,0x00000000e6b00000)
  from space 10752K, 10% used [0x00000000e6b00000,0x00000000e6c260b0,0x00000000e7580000)
  to   space 10752K, 0% used [0x00000000f0800000,0x00000000f0800000,0x00000000f1280000)
 ParOldGen       total 83456K, used 11102K [0x0000000086600000, 0x000000008b780000, 0x00000000d7780000)
  object space 83456K, 13% used [0x0000000086600000,0x00000000870d7b90,0x000000008b780000)
 Metaspace       used 19240K, capacity 20042K, committed 20224K, reserved 1067008K
  class space    used 2767K, capacity 3007K, committed 3072K, reserved 1048576K
}
Event: 5.560 GC heap before
{Heap before GC invocations=10 (full 0):
 PSYoungGen      total 260096K, used 250520K [0x00000000d7780000, 0x00000000f1280000, 0x0000000100000000)
  eden space 249344K, 100% used [0x00000000d7780000,0x00000000e6b00000,0x00000000e6b00000)
  from space 10752K, 10% used [0x00000000e6b00000,0x00000000e6c260b0,0x00000000e7580000)
  to   space 10752K, 0% used [0x00000000f0800000,0x00000000f0800000,0x00000000f1280000)
 ParOldGen       total 83456K, used 11102K [0x0000000086600000, 0x000000008b780000, 0x00000000d7780000)
  object space 83456K, 13% used [0x0000000086600000,0x00000000870d7b90,0x000000008b780000)
 Metaspace       used 19539K, capacity 20370K, committed 20480K, reserved 1067008K
  class space    used 2824K, capacity 3057K, committed 3072K, reserved 1048576K
Event: 5.563 GC heap after
Heap after GC invocations=10 (full 0):
 PSYoungGen      total 410112K, used 726K [0x00000000d7780000, 0x00000000f1280000, 0x0000000100000000)
  eden space 399360K, 0% used [0x00000000d7780000,0x00000000d7780000,0x00000000efd80000)
  from space 10752K, 6% used [0x00000000f0800000,0x00000000f08b5b00,0x00000000f1280000)
  to   space 10752K, 0% used [0x00000000efd80000,0x00000000efd80000,0x00000000f0800000)
 ParOldGen       total 83456K, used 11510K [0x0000000086600000, 0x000000008b780000, 0x00000000d7780000)
  object space 83456K, 13% used [0x0000000086600000,0x000000008713dbb0,0x000000008b780000)
 Metaspace       used 19539K, capacity 20370K, committed 20480K, reserved 1067008K
  class space    used 2824K, capacity 3057K, committed 3072K, reserved 1048576K
}
Event: 6.392 GC heap before
{Heap before GC invocations=11 (full 0):
 PSYoungGen      total 410112K, used 372057K [0x00000000d7780000, 0x00000000f1280000, 0x0000000100000000)
  eden space 399360K, 92% used [0x00000000d7780000,0x00000000ee220bb0,0x00000000efd80000)
  from space 10752K, 6% used [0x00000000f0800000,0x00000000f08b5b00,0x00000000f1280000)
  to   space 10752K, 0% used [0x00000000efd80000,0x00000000efd80000,0x00000000f0800000)
 ParOldGen       total 83456K, used 11510K [0x0000000086600000, 0x000000008b780000, 0x00000000d7780000)
  object space 83456K, 13% used [0x0000000086600000,0x000000008713dbb0,0x000000008b780000)
 Metaspace       used 20355K, capacity 21198K, committed 21296K, reserved 1067008K
  class space    used 2925K, capacity 3137K, committed 3200K, reserved 1048576K
Event: 6.396 GC heap after
Heap after GC invocations=11 (full 0):
 PSYoungGen      total 410112K, used 983K [0x00000000d7780000, 0x00000000ffc80000, 0x0000000100000000)
  eden space 399360K, 0% used [0x00000000d7780000,0x00000000d7780000,0x00000000efd80000)
  from space 10752K, 9% used [0x00000000efd80000,0x00000000efe75fb8,0x00000000f0800000)
  to   space 10752K, 0% used [0x00000000ff200000,0x00000000ff200000,0x00000000ffc80000)
 ParOldGen       total 83456K, used 12038K [0x0000000086600000, 0x000000008b780000, 0x00000000d7780000)
  object space 83456K, 14% used [0x0000000086600000,0x00000000871c1bb0,0x000000008b780000)
 Metaspace       used 20355K, capacity 21198K, committed 21296K, reserved 1067008K
  class space    used 2925K, capacity 3137K, committed 3200K, reserved 1048576K
}
Event: 6.396 GC heap before
{Heap before GC invocations=12 (full 1):
 PSYoungGen      total 410112K, used 983K [0x00000000d7780000, 0x00000000ffc80000, 0x0000000100000000)
  eden space 399360K, 0% used [0x00000000d7780000,0x00000000d7780000,0x00000000efd80000)
  from space 10752K, 9% used [0x00000000efd80000,0x00000000efe75fb8,0x00000000f0800000)
  to   space 10752K, 0% used [0x00000000ff200000,0x00000000ff200000,0x00000000ffc80000)
 ParOldGen       total 83456K, used 12038K [0x0000000086600000, 0x000000008b780000, 0x00000000d7780000)
  object space 83456K, 14% used [0x0000000086600000,0x00000000871c1bb0,0x000000008b780000)
 Metaspace       used 20355K, capacity 21198K, committed 21296K, reserved 1067008K
  class space    used 2925K, capacity 3137K, committed 3200K, reserved 1048576K
Event: 6.437 GC heap after
Heap after GC invocations=12 (full 1):
 PSYoungGen      total 410112K, used 0K [0x00000000d7780000, 0x00000000ffc80000, 0x0000000100000000)
  eden space 399360K, 0% used [0x00000000d7780000,0x00000000d7780000,0x00000000efd80000)
  from space 10752K, 0% used [0x00000000efd80000,0x00000000efd80000,0x00000000f0800000)
  to   space 10752K, 0% used [0x00000000ff200000,0x00000000ff200000,0x00000000ffc80000)
 ParOldGen       total 53760K, used 8009K [0x0000000086600000, 0x0000000089a80000, 0x00000000d7780000)
  object space 53760K, 14% used [0x0000000086600000,0x0000000086dd25f8,0x0000000089a80000)
 Metaspace       used 20355K, capacity 21198K, committed 21296K, reserved 1067008K
  class space    used 2925K, capacity 3137K, committed 3200K, reserved 1048576K
}

